<?xml version="1.0" encoding="UTF-8"?>
<!-- Generated by org.testng.reporters.JUnitReportReporter -->
<testsuite hostname="DESKTOP-BKDEPT2" failures="0" tests="1" name="JavaRestAssuredSpotify.JavaSpotify.FirstSpotifyApi" time="2.125" errors="0" timestamp="2022-02-15T14:43:02 IST" skipped="0">
  <testcase classname="JavaRestAssuredSpotify.JavaSpotify.FirstSpotifyApi" name="testDeleteSongs_StatusCodeReturn200" time="2.125"/>
  <system-out/>
</testsuite> <!-- JavaRestAssuredSpotify.JavaSpotify.FirstSpotifyApi -->
